>>> Generated data 67108864 lines used time 4.68297e-310ms.
>>> Generated constant stride test conditions 31.6%	44.7%	54.7%	63.2%	70.7%	77.4%	83.6%	89.4%	94.8%	100%	
>>> Generated low selection rate test conditions 0.1%	0.3%	1%	3.1%	10%	31.6%	
>>> start projection calculation by Row-wise query processing model in cache with dynamic vector final result
      column selection rate 31.6%, total selection rate 9.9856%
          Result count of selection rate 9.9856% is 6699172/67108864
          Time: 1033.53ms
      column selection rate 44.7%, total selection rate 19.9809%
          Result count of selection rate 19.9809% is 13405477/67108864
          Time: 1546.18ms
      column selection rate 54.7%, total selection rate 29.9209%
          Result count of selection rate 29.9209% is 20076945/67108864
          Time: 1891.1ms
      column selection rate 63.2%, total selection rate 39.9424%
          Result count of selection rate 39.9424% is 26805480/67108864
          Time: 2113.38ms
      column selection rate 70.7%, total selection rate 49.9849%
          Result count of selection rate 49.9849% is 33543548/67108864
          Time: 2347.56ms
      column selection rate 77.4%, total selection rate 59.9076%
          Result count of selection rate 59.9076% is 40203602/67108864
          Time: 2574.74ms
      column selection rate 83.6%, total selection rate 69.8896%
          Result count of selection rate 69.8896% is 46899409/67108864
          Time: 2836.45ms
      column selection rate 89.4%, total selection rate 79.9236%
          Result count of selection rate 79.9236% is 53633918/67108864
          Time: 3084.99ms
      column selection rate 94.8%, total selection rate 89.8704%
          Result count of selection rate 89.8704% is 60310143/67108864
          Time: 3333.94ms
      column selection rate 100%, total selection rate 100%
          Result count of selection rate 100% is 67108864/67108864
          Time: 3600.5ms
>>> start projection calculation by Row-wise query processing model in cache with fixed vector final result
      column selection rate 31.6%, total selection rate 9.9856%
          Result count of selection rate 9.9856% is 6699172/67108864
          Time: 770.182ms
      column selection rate 44.7%, total selection rate 19.9809%
          Result count of selection rate 19.9809% is 13405477/67108864
          Time: 962.52ms
      column selection rate 54.7%, total selection rate 29.9209%
          Result count of selection rate 29.9209% is 20076945/67108864
          Time: 1042.56ms
      column selection rate 63.2%, total selection rate 39.9424%
          Result count of selection rate 39.9424% is 26805480/67108864
          Time: 1028.01ms
      column selection rate 70.7%, total selection rate 49.9849%
          Result count of selection rate 49.9849% is 33543548/67108864
          Time: 973.173ms
      column selection rate 77.4%, total selection rate 59.9076%
          Result count of selection rate 59.9076% is 40203602/67108864
          Time: 947.663ms
      column selection rate 83.6%, total selection rate 69.8896%
          Result count of selection rate 69.8896% is 46899409/67108864
          Time: 908.451ms
      column selection rate 89.4%, total selection rate 79.9236%
          Result count of selection rate 79.9236% is 53633918/67108864
          Time: 873.351ms
      column selection rate 94.8%, total selection rate 89.8704%
          Result count of selection rate 89.8704% is 60310143/67108864
          Time: 853.371ms
      column selection rate 100%, total selection rate 100%
          Result count of selection rate 100% is 67108864/67108864
          Time: 836.654ms
>>> start projection calculation by Row-wise query processing model in cache with fixed vector final result in low selection rate test
      column selection rate 0.1 %, total selection rate 0.0001%
          Result count of selection rate 0% is 56/67108864
          Time: 398.159ms
      column selection rate 0.3 %, total selection rate 0.0009%
          Result count of selection rate 0% is 583/67108864
          Time: 407.33ms
      column selection rate 1 %, total selection rate 0.01%
          Result count of selection rate 0.0001% is 6691/67108864
          Time: 429.353ms
      column selection rate 3.1 %, total selection rate 0.0961%
          Result count of selection rate 0.0009% is 64656/67108864
          Time: 412.147ms
      column selection rate 10 %, total selection rate 1%
          Result count of selection rate 0.01% is 670292/67108864
          Time: 485.65ms
      column selection rate 31.6 %, total selection rate 9.9856%
          Result count of selection rate 0.0961% is 6699172/67108864
          Time: 764.275ms
>>> start projection calculation by Row-wise query processing model out of cache with dynamic vector final result
      column selection rate 31.6%, total selection rate 9.9856%
          Result count of selection rate 9.9856% is 6699172/67108864
          Time: 1077.16ms
      column selection rate 44.7%, total selection rate 19.9809%
          Result count of selection rate 19.9809% is 13405477/67108864
          Time: 1569.84ms
      column selection rate 54.7%, total selection rate 29.9209%
          Result count of selection rate 29.9209% is 20076945/67108864
          Time: 1886.25ms
      column selection rate 63.2%, total selection rate 39.9424%
          Result count of selection rate 39.9424% is 26805480/67108864
          Time: 2124.82ms
      column selection rate 70.7%, total selection rate 49.9849%
          Result count of selection rate 49.9849% is 33543548/67108864
          Time: 2356.27ms
      column selection rate 77.4%, total selection rate 59.9076%
          Result count of selection rate 59.9076% is 40203602/67108864
          Time: 2549.35ms
      column selection rate 83.6%, total selection rate 69.8896%
          Result count of selection rate 69.8896% is 46899409/67108864
          Time: 2806.4ms
      column selection rate 89.4%, total selection rate 79.9236%
          Result count of selection rate 79.9236% is 53633918/67108864
          Time: 3041.19ms
      column selection rate 94.8%, total selection rate 89.8704%
          Result count of selection rate 89.8704% is 60310143/67108864
          Time: 3316.36ms
      column selection rate 100%, total selection rate 100%
          Result count of selection rate 100% is 67108864/67108864
          Time: 3569.76ms
>>> start projection calculation by Row-wise query processing model out of cache with fixed vector final result
      column selection rate 31.6%, total selection rate 9.9856%
          Result count of selection rate 9.9856% is 6699172/67108864
          Time: 827.043ms
      column selection rate 44.7%, total selection rate 19.9809%
          Result count of selection rate 19.9809% is 13405477/67108864
          Time: 1036.21ms
      column selection rate 54.7%, total selection rate 29.9209%
          Result count of selection rate 29.9209% is 20076945/67108864
          Time: 1080.05ms
      column selection rate 63.2%, total selection rate 39.9424%
          Result count of selection rate 39.9424% is 26805480/67108864
          Time: 1077.46ms
      column selection rate 70.7%, total selection rate 49.9849%
          Result count of selection rate 49.9849% is 33543548/67108864
          Time: 1065.04ms
      column selection rate 77.4%, total selection rate 59.9076%
          Result count of selection rate 59.9076% is 40203602/67108864
          Time: 1007.01ms
      column selection rate 83.6%, total selection rate 69.8896%
          Result count of selection rate 69.8896% is 46899409/67108864
          Time: 979.398ms
      column selection rate 89.4%, total selection rate 79.9236%
          Result count of selection rate 79.9236% is 53633918/67108864
          Time: 939.459ms
      column selection rate 94.8%, total selection rate 89.8704%
          Result count of selection rate 89.8704% is 60310143/67108864
          Time: 919.265ms
      column selection rate 100%, total selection rate 100%
          Result count of selection rate 100% is 67108864/67108864
          Time: 915.126ms
>>> start projection calculation by Column-wise query processing model with early materialization strategy and dynamic vector final result
      column selection rate 31.6%, total selection rate 9.9856%
          Result count of selection rate 9.9856% is 6699172/67108864
          Time: 1008.72ms
      column selection rate 44.7%, total selection rate 19.9809%
          Result count of selection rate 19.9809% is 13405477/67108864
          Time: 1370.06ms
      column selection rate 54.7%, total selection rate 29.9209%
          Result count of selection rate 29.9209% is 20076945/67108864
          Time: 1521.93ms
      column selection rate 63.2%, total selection rate 39.9424%
          Result count of selection rate 39.9424% is 26805480/67108864
          Time: 1557.28ms
      column selection rate 70.7%, total selection rate 49.9849%
          Result count of selection rate 49.9849% is 33543548/67108864
          Time: 1556.23ms
      column selection rate 77.4%, total selection rate 59.9076%
          Result count of selection rate 59.9076% is 40203602/67108864
          Time: 1542.9ms
      column selection rate 83.6%, total selection rate 69.8896%
          Result count of selection rate 69.8896% is 46899409/67108864
          Time: 1558.55ms
      column selection rate 89.4%, total selection rate 79.9236%
          Result count of selection rate 79.9236% is 53633918/67108864
          Time: 1540.65ms
      column selection rate 94.8%, total selection rate 89.8704%
          Result count of selection rate 89.8704% is 60310143/67108864
          Time: 1530.31ms
      column selection rate 100%, total selection rate 100%
          Result count of selection rate 100% is 67108864/67108864
          Time: 1522.19ms
>>> start projection calculation by Column-wise query processing model with early materialization strategy and fixed vector final result
      column selection rate 31.6%, total selection rate 9.9856%
          Result count of selection rate 9.9856% is 6699172/67108864
          Time: 798.591ms
      column selection rate 44.7%, total selection rate 19.9809%
          Result count of selection rate 19.9809% is 13405477/67108864
          Time: 1060.21ms
      column selection rate 54.7%, total selection rate 29.9209%
          Result count of selection rate 29.9209% is 20076945/67108864
          Time: 1174.61ms
      column selection rate 63.2%, total selection rate 39.9424%
          Result count of selection rate 39.9424% is 26805480/67108864
          Time: 1148.3ms
      column selection rate 70.7%, total selection rate 49.9849%
          Result count of selection rate 49.9849% is 33543548/67108864
          Time: 1114.83ms
      column selection rate 77.4%, total selection rate 59.9076%
          Result count of selection rate 59.9076% is 40203602/67108864
          Time: 1062.66ms
      column selection rate 83.6%, total selection rate 69.8896%
          Result count of selection rate 69.8896% is 46899409/67108864
          Time: 1049.67ms
      column selection rate 89.4%, total selection rate 79.9236%
          Result count of selection rate 79.9236% is 53633918/67108864
          Time: 998.53ms
      column selection rate 94.8%, total selection rate 89.8704%
          Result count of selection rate 89.8704% is 60310143/67108864
          Time: 974.404ms
      column selection rate 100%, total selection rate 100%
          Result count of selection rate 100% is 67108864/67108864
          Time: 967.558ms
>>> start projection calculation by Column-wise query processing model with late materialization strategy and independent dynamic vector intermediate results as well as dynamic vector final result
      column selection rate 31.6%, total selection rate 9.9856%
          Result count of selection rate 9.9856% is 6699172/67108864
          Time: 3406.79ms
      column selection rate 44.7%, total selection rate 19.9809%
          Result count of selection rate 19.9809% is 13405477/67108864
          Time: 4739.68ms
      column selection rate 54.7%, total selection rate 29.9209%
          Result count of selection rate 29.9209% is 20076945/67108864
          Time: 5621.76ms
      column selection rate 63.2%, total selection rate 39.9424%
          Result count of selection rate 39.9424% is 26805480/67108864
          Time: 6240.28ms
      column selection rate 70.7%, total selection rate 49.9849%
          Result count of selection rate 49.9849% is 33543548/67108864
          Time: 6755.52ms
      column selection rate 77.4%, total selection rate 59.9076%
          Result count of selection rate 59.9076% is 40203602/67108864
          Time: 7157ms
      column selection rate 83.6%, total selection rate 69.8896%
          Result count of selection rate 69.8896% is 46899409/67108864
          Time: 7500.15ms
      column selection rate 89.4%, total selection rate 79.9236%
          Result count of selection rate 79.9236% is 53633918/67108864
          Time: 7851.42ms
      column selection rate 94.8%, total selection rate 89.8704%
          Result count of selection rate 89.8704% is 60310143/67108864
          Time: 8162.83ms
      column selection rate 100%, total selection rate 100%
          Result count of selection rate 100% is 67108864/67108864
          Time: 8434.65ms
>>> start projection calculation by Column-wise query processing model with late materialization strategy and independent dynamic vector intermediate results as well as fixed vector final result
      column selection rate 31.6%, total selection rate 9.9856%
          Result count of selection rate 9.9856% is 6699172/67108864
          Time: 3162.75ms
      column selection rate 44.7%, total selection rate 19.9809%
          Result count of selection rate 19.9809% is 13405477/67108864
          Time: 4293.75ms
      column selection rate 54.7%, total selection rate 29.9209%
          Result count of selection rate 29.9209% is 20076945/67108864
          Time: 4945.74ms
      column selection rate 63.2%, total selection rate 39.9424%
          Result count of selection rate 39.9424% is 26805480/67108864
          Time: 5278.46ms
      column selection rate 70.7%, total selection rate 49.9849%
          Result count of selection rate 49.9849% is 33543548/67108864
          Time: 5539.22ms
      column selection rate 77.4%, total selection rate 59.9076%
          Result count of selection rate 59.9076% is 40203602/67108864
          Time: 5696.35ms
      column selection rate 83.6%, total selection rate 69.8896%
          Result count of selection rate 69.8896% is 46899409/67108864
          Time: 5898.58ms
      column selection rate 89.4%, total selection rate 79.9236%
          Result count of selection rate 79.9236% is 53633918/67108864
          Time: 6016.33ms
      column selection rate 94.8%, total selection rate 89.8704%
          Result count of selection rate 89.8704% is 60310143/67108864
          Time: 6094ms
      column selection rate 100%, total selection rate 100%
          Result count of selection rate 100% is 67108864/67108864
          Time: 6093.33ms
>>> start projection calculation by Column-wise query processing model with late materialization strategy and shared dynamic vector intermediate results as well as dynamic vector final result
      column selection rate 31.6%, total selection rate 9.9856%
          Result count of selection rate 9.9856% is 6699172/67108864
          Time: 1778.81ms
      column selection rate 44.7%, total selection rate 19.9809%
          Result count of selection rate 19.9809% is 13405477/67108864
          Time: 2662.94ms
      column selection rate 54.7%, total selection rate 29.9209%
          Result count of selection rate 29.9209% is 20076945/67108864
          Time: 3321.28ms
      column selection rate 63.2%, total selection rate 39.9424%
          Result count of selection rate 39.9424% is 26805480/67108864
          Time: 3789.12ms
      column selection rate 70.7%, total selection rate 49.9849%
          Result count of selection rate 49.9849% is 33543548/67108864
          Time: 4184.62ms
      column selection rate 77.4%, total selection rate 59.9076%
          Result count of selection rate 59.9076% is 40203602/67108864
          Time: 4638.8ms
      column selection rate 83.6%, total selection rate 69.8896%
          Result count of selection rate 69.8896% is 46899409/67108864
          Time: 5076.19ms
      column selection rate 89.4%, total selection rate 79.9236%
          Result count of selection rate 79.9236% is 53633918/67108864
          Time: 6024.12ms
      column selection rate 94.8%, total selection rate 89.8704%
          Result count of selection rate 89.8704% is 60310143/67108864
          Time: 5785.74ms
      column selection rate 100%, total selection rate 100%
          Result count of selection rate 100% is 67108864/67108864
          Time: 6237.74ms
>>> start projection calculation by Column-wise query processing model with late materialization strategy and shared dynamic vector intermediate results as well as fixed vector final result
      column selection rate 31.6%, total selection rate 9.9856%
          Result count of selection rate 9.9856% is 6699172/67108864
          Time: 1526.05ms
      column selection rate 44.7%, total selection rate 19.9809%
          Result count of selection rate 19.9809% is 13405477/67108864
          Time: 2192.31ms
      column selection rate 54.7%, total selection rate 29.9209%
          Result count of selection rate 29.9209% is 20076945/67108864
          Time: 2551.87ms
      column selection rate 63.2%, total selection rate 39.9424%
          Result count of selection rate 39.9424% is 26805480/67108864
          Time: 2762.01ms
      column selection rate 70.7%, total selection rate 49.9849%
          Result count of selection rate 49.9849% is 33543548/67108864
          Time: 2930.52ms
      column selection rate 77.4%, total selection rate 59.9076%
          Result count of selection rate 59.9076% is 40203602/67108864
          Time: 3136.68ms
      column selection rate 83.6%, total selection rate 69.8896%
          Result count of selection rate 69.8896% is 46899409/67108864
          Time: 3272.34ms
      column selection rate 89.4%, total selection rate 79.9236%
          Result count of selection rate 79.9236% is 53633918/67108864
          Time: 3361.56ms
      column selection rate 94.8%, total selection rate 89.8704%
          Result count of selection rate 89.8704% is 60310143/67108864
          Time: 3547.07ms
      column selection rate 100%, total selection rate 100%
          Result count of selection rate 100% is 67108864/67108864
          Time: 3682.45ms
>>> start projection calculation by Column-wise query processing model with late materialization strategy and independent fixed vector intermediate results as well as dynamic vector final result
      column selection rate 31.6%, total selection rate 9.9856%
          Result count of selection rate 9.9856% is 6699172/67108864
          Time: 1647.03ms
      column selection rate 44.7%, total selection rate 19.9809%
          Result count of selection rate 19.9809% is 13405477/67108864
          Time: 2339.86ms
      column selection rate 54.7%, total selection rate 29.9209%
          Result count of selection rate 29.9209% is 20076945/67108864
          Time: 2774.14ms
      column selection rate 63.2%, total selection rate 39.9424%
          Result count of selection rate 39.9424% is 26805480/67108864
          Time: 3197.53ms
      column selection rate 70.7%, total selection rate 49.9849%
          Result count of selection rate 49.9849% is 33543548/67108864
          Time: 3359.7ms
      column selection rate 77.4%, total selection rate 59.9076%
          Result count of selection rate 59.9076% is 40203602/67108864
          Time: 3448.22ms
      column selection rate 83.6%, total selection rate 69.8896%
          Result count of selection rate 69.8896% is 46899409/67108864
          Time: 3596.55ms
      column selection rate 89.4%, total selection rate 79.9236%
          Result count of selection rate 79.9236% is 53633918/67108864
          Time: 3734.16ms
      column selection rate 94.8%, total selection rate 89.8704%
          Result count of selection rate 89.8704% is 60310143/67108864
          Time: 3865.12ms
      column selection rate 100%, total selection rate 100%
          Result count of selection rate 100% is 67108864/67108864
          Time: 4017.31ms
>>> start projection calculation by Column-wise query processing model with late materialization strategy and independent fixed vector intermediate results as well as fixed vector final result
      column selection rate 31.6%, total selection rate 9.9856%
          Result count of selection rate 9.9856% is 6699172/67108864
          Time: 1465.05ms
      column selection rate 44.7%, total selection rate 19.9809%
          Result count of selection rate 19.9809% is 13405477/67108864
          Time: 1906.01ms
      column selection rate 54.7%, total selection rate 29.9209%
          Result count of selection rate 29.9209% is 20076945/67108864
          Time: 2040.08ms
      column selection rate 63.2%, total selection rate 39.9424%
          Result count of selection rate 39.9424% is 26805480/67108864
          Time: 2110.73ms
      column selection rate 70.7%, total selection rate 49.9849%
          Result count of selection rate 49.9849% is 33543548/67108864
          Time: 2060.31ms
      column selection rate 77.4%, total selection rate 59.9076%
          Result count of selection rate 59.9076% is 40203602/67108864
          Time: 1932.36ms
      column selection rate 83.6%, total selection rate 69.8896%
          Result count of selection rate 69.8896% is 46899409/67108864
          Time: 1843.4ms
      column selection rate 89.4%, total selection rate 79.9236%
          Result count of selection rate 79.9236% is 53633918/67108864
          Time: 1703.62ms
      column selection rate 94.8%, total selection rate 89.8704%
          Result count of selection rate 89.8704% is 60310143/67108864
          Time: 1614.36ms
      column selection rate 100%, total selection rate 100%
          Result count of selection rate 100% is 67108864/67108864
          Time: 1468.8ms
>>> start projection calculation by Column-wise query processing model with late materialization strategy and shared fixed vector intermediate results as well as dynamic vector final result
      column selection rate 31.6%, total selection rate 9.9856%
          Result count of selection rate 9.9856% is 6699172/67108864
          Time: 999.334ms
      column selection rate 44.7%, total selection rate 19.9809%
          Result count of selection rate 19.9809% is 13405477/67108864
          Time: 1569.21ms
      column selection rate 54.7%, total selection rate 29.9209%
          Result count of selection rate 29.9209% is 20076945/67108864
          Time: 1977.45ms
      column selection rate 63.2%, total selection rate 39.9424%
          Result count of selection rate 39.9424% is 26805480/67108864
          Time: 2211.48ms
      column selection rate 70.7%, total selection rate 49.9849%
          Result count of selection rate 49.9849% is 33543548/67108864
          Time: 2435.55ms
      column selection rate 77.4%, total selection rate 59.9076%
          Result count of selection rate 59.9076% is 40203602/67108864
          Time: 2675.42ms
      column selection rate 83.6%, total selection rate 69.8896%
          Result count of selection rate 69.8896% is 46899409/67108864
          Time: 2911.4ms
      column selection rate 89.4%, total selection rate 79.9236%
          Result count of selection rate 79.9236% is 53633918/67108864
          Time: 3177.61ms
      column selection rate 94.8%, total selection rate 89.8704%
          Result count of selection rate 89.8704% is 60310143/67108864
          Time: 3383.17ms
      column selection rate 100%, total selection rate 100%
          Result count of selection rate 100% is 67108864/67108864
          Time: 3675.31ms
>>> start projection calculation by Column-wise query processing model with late materialization strategy and shared fixed vector intermediate results as well as fixed vector final result
      column selection rate 31.6%, total selection rate 9.9856%
          Result count of selection rate 9.9856% is 6699172/67108864
          Time: 778.357ms
      column selection rate 44.7%, total selection rate 19.9809%
          Result count of selection rate 19.9809% is 13405477/67108864
          Time: 1022.98ms
      column selection rate 54.7%, total selection rate 29.9209%
          Result count of selection rate 29.9209% is 20076945/67108864
          Time: 1185.78ms
      column selection rate 63.2%, total selection rate 39.9424%
          Result count of selection rate 39.9424% is 26805480/67108864
          Time: 1187.99ms
      column selection rate 70.7%, total selection rate 49.9849%
          Result count of selection rate 49.9849% is 33543548/67108864
          Time: 1198.76ms
      column selection rate 77.4%, total selection rate 59.9076%
          Result count of selection rate 59.9076% is 40203602/67108864
          Time: 1147.72ms
      column selection rate 83.6%, total selection rate 69.8896%
          Result count of selection rate 69.8896% is 46899409/67108864
          Time: 1152.94ms
      column selection rate 89.4%, total selection rate 79.9236%
          Result count of selection rate 79.9236% is 53633918/67108864
          Time: 1155.52ms
      column selection rate 94.8%, total selection rate 89.8704%
          Result count of selection rate 89.8704% is 60310143/67108864
          Time: 1129.84ms
      column selection rate 100%, total selection rate 100%
          Result count of selection rate 100% is 67108864/67108864
          Time: 1133.43ms
>>> start projection calculation by Column-wise query processing model with late materialization strategy and independent bitmap intermediate results as well as dynamic vector final result
      column selection rate 31.6%, total selection rate 9.9856%
          Result count of selection rate 9.9856% is 6699172/67108864
          Time: 1136.94ms
      column selection rate 44.7%, total selection rate 19.9809%
          Result count of selection rate 19.9809% is 13405477/67108864
          Time: 1526.6ms
      column selection rate 54.7%, total selection rate 29.9209%
          Result count of selection rate 29.9209% is 20076945/67108864
          Time: 1910.12ms
      column selection rate 63.2%, total selection rate 39.9424%
          Result count of selection rate 39.9424% is 26805480/67108864
          Time: 2316.44ms
      column selection rate 70.7%, total selection rate 49.9849%
          Result count of selection rate 49.9849% is 33543548/67108864
          Time: 2683.02ms
      column selection rate 77.4%, total selection rate 59.9076%
          Result count of selection rate 59.9076% is 40203602/67108864
          Time: 2834.75ms
      column selection rate 83.6%, total selection rate 69.8896%
          Result count of selection rate 69.8896% is 46899409/67108864
          Time: 3016.91ms
      column selection rate 89.4%, total selection rate 79.9236%
          Result count of selection rate 79.9236% is 53633918/67108864
          Time: 3230.71ms
      column selection rate 94.8%, total selection rate 89.8704%
          Result count of selection rate 89.8704% is 60310143/67108864
          Time: 3408.86ms
      column selection rate 100%, total selection rate 100%
          Result count of selection rate 100% is 67108864/67108864
          Time: 3583.26ms
>>> start projection calculation by Column-wise query processing model with late materialization strategy and independent bitmap intermediate results as well as fixed vector final result
      column selection rate 31.6%, total selection rate 9.9856%
          Result count of selection rate 9.9856% is 6699172/67108864
          Time: 878.968ms
      column selection rate 44.7%, total selection rate 19.9809%
          Result count of selection rate 19.9809% is 13405477/67108864
          Time: 1001.1ms
      column selection rate 54.7%, total selection rate 29.9209%
          Result count of selection rate 29.9209% is 20076945/67108864
          Time: 1134.21ms
      column selection rate 63.2%, total selection rate 39.9424%
          Result count of selection rate 39.9424% is 26805480/67108864
          Time: 1249.74ms
      column selection rate 70.7%, total selection rate 49.9849%
          Result count of selection rate 49.9849% is 33543548/67108864
          Time: 1299.62ms
      column selection rate 77.4%, total selection rate 59.9076%
          Result count of selection rate 59.9076% is 40203602/67108864
          Time: 1278.32ms
      column selection rate 83.6%, total selection rate 69.8896%
          Result count of selection rate 69.8896% is 46899409/67108864
          Time: 1254.02ms
      column selection rate 89.4%, total selection rate 79.9236%
          Result count of selection rate 79.9236% is 53633918/67108864
          Time: 1198.82ms
      column selection rate 94.8%, total selection rate 89.8704%
          Result count of selection rate 89.8704% is 60310143/67108864
          Time: 1147.38ms
      column selection rate 100%, total selection rate 100%
          Result count of selection rate 100% is 67108864/67108864
          Time: 1158.59ms
>>> start projection calculation by Column-wise query processing model with late materialization strategy and shared dynamic vector intermediate results as well as dynamic vector final result
      column selection rate 31.6%, total selection rate 9.9856%
          Result count of selection rate 9.9856% is 6699172/67108864
          Time: 1236ms
      column selection rate 44.7%, total selection rate 19.9809%
          Result count of selection rate 19.9809% is 13405477/67108864
          Time: 1796.1ms
      column selection rate 54.7%, total selection rate 29.9209%
          Result count of selection rate 29.9209% is 20076945/67108864
          Time: 2198.84ms
      column selection rate 63.2%, total selection rate 39.9424%
          Result count of selection rate 39.9424% is 26805480/67108864
          Time: 2513.77ms
      column selection rate 70.7%, total selection rate 49.9849%
          Result count of selection rate 49.9849% is 33543548/67108864
          Time: 2726.92ms
      column selection rate 77.4%, total selection rate 59.9076%
          Result count of selection rate 59.9076% is 40203602/67108864
          Time: 2874.2ms
      column selection rate 83.6%, total selection rate 69.8896%
          Result count of selection rate 69.8896% is 46899409/67108864
          Time: 2967.94ms
      column selection rate 89.4%, total selection rate 79.9236%
          Result count of selection rate 79.9236% is 53633918/67108864
          Time: 3121.32ms
      column selection rate 94.8%, total selection rate 89.8704%
          Result count of selection rate 89.8704% is 60310143/67108864
          Time: 3238.69ms
      column selection rate 100%, total selection rate 100%
          Result count of selection rate 100% is 67108864/67108864
          Time: 3384.24ms
>>> start projection calculation by Column-wise query processing model with late materialization strategy and shared dynamic vector intermediate results as well as fixed vector final result
      column selection rate 31.6%, total selection rate 9.9856%
          Result count of selection rate 9.9856% is 6699172/67108864
          Time: 972.852ms
      column selection rate 44.7%, total selection rate 19.9809%
          Result count of selection rate 19.9809% is 13405477/67108864
          Time: 1268.04ms
      column selection rate 54.7%, total selection rate 29.9209%
          Result count of selection rate 29.9209% is 20076945/67108864
          Time: 1431.21ms
      column selection rate 63.2%, total selection rate 39.9424%
          Result count of selection rate 39.9424% is 26805480/67108864
          Time: 1477.39ms
      column selection rate 70.7%, total selection rate 49.9849%
          Result count of selection rate 49.9849% is 33543548/67108864
          Time: 1480.03ms
      column selection rate 77.4%, total selection rate 59.9076%
          Result count of selection rate 59.9076% is 40203602/67108864
          Time: 1391.39ms
      column selection rate 83.6%, total selection rate 69.8896%
          Result count of selection rate 69.8896% is 46899409/67108864
          Time: 1266.95ms
      column selection rate 89.4%, total selection rate 79.9236%
          Result count of selection rate 79.9236% is 53633918/67108864
          Time: 1162.21ms
      column selection rate 94.8%, total selection rate 89.8704%
          Result count of selection rate 89.8704% is 60310143/67108864
          Time: 1018.14ms
      column selection rate 100%, total selection rate 100%
          Result count of selection rate 100% is 67108864/67108864
          Time: 956.688ms
>>> start projection calculation by Vector-wise query processing model with early materialization strategy and dynamic vector final result
      column selection rate 31.6%, total selection rate 9.9856%
          Result count of selection rate 9.9856% is 6699172/67108864
          Time: 864.334ms
      column selection rate 44.7%, total selection rate 19.9809%
          Result count of selection rate 19.9809% is 13405477/67108864
          Time: 1255.15ms
      column selection rate 54.7%, total selection rate 29.9209%
          Result count of selection rate 29.9209% is 20076945/67108864
          Time: 1473.62ms
      column selection rate 63.2%, total selection rate 39.9424%
          Result count of selection rate 39.9424% is 26805480/67108864
          Time: 1534.62ms
      column selection rate 70.7%, total selection rate 49.9849%
          Result count of selection rate 49.9849% is 33543548/67108864
          Time: 1548.6ms
      column selection rate 77.4%, total selection rate 59.9076%
          Result count of selection rate 59.9076% is 40203602/67108864
          Time: 1571.09ms
      column selection rate 83.6%, total selection rate 69.8896%
          Result count of selection rate 69.8896% is 46899409/67108864
          Time: 1642.46ms
      column selection rate 89.4%, total selection rate 79.9236%
          Result count of selection rate 79.9236% is 53633918/67108864
          Time: 1588.76ms
      column selection rate 94.8%, total selection rate 89.8704%
          Result count of selection rate 89.8704% is 60310143/67108864
          Time: 1560.07ms
      column selection rate 100%, total selection rate 100%
          Result count of selection rate 100% is 67108864/67108864
          Time: 1550.7ms
>>> start projection calculation by Vector-wise query processing model with early materialization strategy and fixed vector final result
      column selection rate 31.6%, total selection rate 9.9856%
          Result count of selection rate 9.9856% is 6699172/67108864
          Time: 702.917ms
      column selection rate 44.7%, total selection rate 19.9809%
          Result count of selection rate 19.9809% is 13405477/67108864
          Time: 999.992ms
      column selection rate 54.7%, total selection rate 29.9209%
          Result count of selection rate 29.9209% is 20076945/67108864
          Time: 1114.99ms
      column selection rate 63.2%, total selection rate 39.9424%
          Result count of selection rate 39.9424% is 26805480/67108864
          Time: 1112.13ms
      column selection rate 70.7%, total selection rate 49.9849%
          Result count of selection rate 49.9849% is 33543548/67108864
          Time: 1084.57ms
      column selection rate 77.4%, total selection rate 59.9076%
          Result count of selection rate 59.9076% is 40203602/67108864
          Time: 1065.43ms
      column selection rate 83.6%, total selection rate 69.8896%
          Result count of selection rate 69.8896% is 46899409/67108864
          Time: 1017.91ms
      column selection rate 89.4%, total selection rate 79.9236%
          Result count of selection rate 79.9236% is 53633918/67108864
          Time: 979.199ms
      column selection rate 94.8%, total selection rate 89.8704%
          Result count of selection rate 89.8704% is 60310143/67108864
          Time: 1034.85ms
      column selection rate 100%, total selection rate 100%
          Result count of selection rate 100% is 67108864/67108864
          Time: 1044.68ms
>>> start projection calculation by Vector-wise query processing model with early materialization strategy and fixed vector final result in low selection rate test
      column selection rate 0.1 %, total selection rate 0.0001%
          Result count of selection rate 0% is 56/67108864
          Time: 203.615ms
      column selection rate 0.3 %, total selection rate 0.0009%
          Result count of selection rate 0% is 583/67108864
          Time: 170.909ms
      column selection rate 1 %, total selection rate 0.01%
          Result count of selection rate 0.0001% is 6691/67108864
          Time: 182.43ms
      column selection rate 3.1 %, total selection rate 0.0961%
          Result count of selection rate 0.0009% is 64656/67108864
          Time: 214.622ms
      column selection rate 10 %, total selection rate 1%
          Result count of selection rate 0.01% is 670292/67108864
          Time: 294.343ms
      column selection rate 31.6 %, total selection rate 9.9856%
          Result count of selection rate 0.0961% is 6699172/67108864
          Time: 744.916ms
>>> start projection calculation by Vector-wise query processing model with late materialization strategy and independent dynamic vector intermediate results as well as dynamic vector final result
      column selection rate 31.6%, total selection rate 9.9856%
          Result count of selection rate 9.9856% is 6699172/67108864
          Time: 3372.46ms
      column selection rate 44.7%, total selection rate 19.9809%
          Result count of selection rate 19.9809% is 13405477/67108864
          Time: 4648.77ms
      column selection rate 54.7%, total selection rate 29.9209%
          Result count of selection rate 29.9209% is 20076945/67108864
          Time: 5620.31ms
      column selection rate 63.2%, total selection rate 39.9424%
          Result count of selection rate 39.9424% is 26805480/67108864
          Time: 6224.58ms
      column selection rate 70.7%, total selection rate 49.9849%
          Result count of selection rate 49.9849% is 33543548/67108864
          Time: 6737.6ms
      column selection rate 77.4%, total selection rate 59.9076%
          Result count of selection rate 59.9076% is 40203602/67108864
          Time: 7140.83ms
      column selection rate 83.6%, total selection rate 69.8896%
          Result count of selection rate 69.8896% is 46899409/67108864
          Time: 7432.22ms
      column selection rate 89.4%, total selection rate 79.9236%
          Result count of selection rate 79.9236% is 53633918/67108864
          Time: 7797.33ms
      column selection rate 94.8%, total selection rate 89.8704%
          Result count of selection rate 89.8704% is 60310143/67108864
          Time: 8136.99ms
      column selection rate 100%, total selection rate 100%
          Result count of selection rate 100% is 67108864/67108864
          Time: 8351.03ms
>>> start projection calculation by Vector-wise query processing model with late materialization strategy and independent dynamic vector intermediate results and fixed vector final result
      column selection rate 31.6%, total selection rate 9.9856%
          Result count of selection rate 9.9856% is 6699172/67108864
          Time: 3110.43ms
      column selection rate 44.7%, total selection rate 19.9809%
          Result count of selection rate 19.9809% is 13405477/67108864
          Time: 4165.38ms
      column selection rate 54.7%, total selection rate 29.9209%
          Result count of selection rate 29.9209% is 20076945/67108864
          Time: 4811.13ms
      column selection rate 63.2%, total selection rate 39.9424%
          Result count of selection rate 39.9424% is 26805480/67108864
          Time: 5182.84ms
      column selection rate 70.7%, total selection rate 49.9849%
          Result count of selection rate 49.9849% is 33543548/67108864
          Time: 5478.6ms
      column selection rate 77.4%, total selection rate 59.9076%
          Result count of selection rate 59.9076% is 40203602/67108864
          Time: 5466.7ms
      column selection rate 83.6%, total selection rate 69.8896%
          Result count of selection rate 69.8896% is 46899409/67108864
          Time: 5631.55ms
      column selection rate 89.4%, total selection rate 79.9236%
          Result count of selection rate 79.9236% is 53633918/67108864
          Time: 5758.44ms
      column selection rate 94.8%, total selection rate 89.8704%
          Result count of selection rate 89.8704% is 60310143/67108864
          Time: 5959.44ms
      column selection rate 100%, total selection rate 100%
          Result count of selection rate 100% is 67108864/67108864
          Time: 5991.41ms
>>> start projection calculation by Vector-wise query processing model with late materialization strategy and shared dynamic vector intermediate results as well as dynamic vector final result
      column selection rate 31.6%, total selection rate 9.9856%
          Result count of selection rate 9.9856% is 6699172/67108864
          Time: 1737.46ms
      column selection rate 44.7%, total selection rate 19.9809%
          Result count of selection rate 19.9809% is 13405477/67108864
          Time: 2624.64ms
      column selection rate 54.7%, total selection rate 29.9209%
          Result count of selection rate 29.9209% is 20076945/67108864
          Time: 3255.89ms
      column selection rate 63.2%, total selection rate 39.9424%
          Result count of selection rate 39.9424% is 26805480/67108864
          Time: 3711.47ms
      column selection rate 70.7%, total selection rate 49.9849%
          Result count of selection rate 49.9849% is 33543548/67108864
          Time: 4123.79ms
      column selection rate 77.4%, total selection rate 59.9076%
          Result count of selection rate 59.9076% is 40203602/67108864
          Time: 4558.86ms
      column selection rate 83.6%, total selection rate 69.8896%
          Result count of selection rate 69.8896% is 46899409/67108864
          Time: 5222ms
      column selection rate 89.4%, total selection rate 79.9236%
          Result count of selection rate 79.9236% is 53633918/67108864
          Time: 5530.11ms
      column selection rate 94.8%, total selection rate 89.8704%
          Result count of selection rate 89.8704% is 60310143/67108864
          Time: 5778.02ms
      column selection rate 100%, total selection rate 100%
          Result count of selection rate 100% is 67108864/67108864
          Time: 6098.81ms
>>> start projection calculation by Vector-wise query processing model with late materialization strategy and shared dynamic vector intermediate results as well as fixed vector final result
      column selection rate 31.6%, total selection rate 9.9856%
          Result count of selection rate 9.9856% is 6699172/67108864
          Time: 1433.29ms
      column selection rate 44.7%, total selection rate 19.9809%
          Result count of selection rate 19.9809% is 13405477/67108864
          Time: 2029.39ms
      column selection rate 54.7%, total selection rate 29.9209%
          Result count of selection rate 29.9209% is 20076945/67108864
          Time: 2409.8ms
      column selection rate 63.2%, total selection rate 39.9424%
          Result count of selection rate 39.9424% is 26805480/67108864
          Time: 2585.16ms
      column selection rate 70.7%, total selection rate 49.9849%
          Result count of selection rate 49.9849% is 33543548/67108864
          Time: 2725.83ms
      column selection rate 77.4%, total selection rate 59.9076%
          Result count of selection rate 59.9076% is 40203602/67108864
          Time: 2870.42ms
      column selection rate 83.6%, total selection rate 69.8896%
          Result count of selection rate 69.8896% is 46899409/67108864
          Time: 2977.49ms
      column selection rate 89.4%, total selection rate 79.9236%
          Result count of selection rate 79.9236% is 53633918/67108864
          Time: 3049.3ms
      column selection rate 94.8%, total selection rate 89.8704%
          Result count of selection rate 89.8704% is 60310143/67108864
          Time: 3112.31ms
      column selection rate 100%, total selection rate 100%
          Result count of selection rate 100% is 67108864/67108864
          Time: 3221.28ms
>>> start projection calculation by Vector-wise query processing model with late materialization strategy and independent fixed vector intermediate results as well as dynamic vector final result
      column selection rate 31.6%, total selection rate 9.9856%
          Result count of selection rate 9.9856% is 6699172/67108864
          Time: 1572.09ms
      column selection rate 44.7%, total selection rate 19.9809%
          Result count of selection rate 19.9809% is 13405477/67108864
          Time: 2195.62ms
      column selection rate 54.7%, total selection rate 29.9209%
          Result count of selection rate 29.9209% is 20076945/67108864
          Time: 2625.41ms
      column selection rate 63.2%, total selection rate 39.9424%
          Result count of selection rate 39.9424% is 26805480/67108864
          Time: 2904.34ms
      column selection rate 70.7%, total selection rate 49.9849%
          Result count of selection rate 49.9849% is 33543548/67108864
          Time: 3085.7ms
      column selection rate 77.4%, total selection rate 59.9076%
          Result count of selection rate 59.9076% is 40203602/67108864
          Time: 3208.55ms
      column selection rate 83.6%, total selection rate 69.8896%
          Result count of selection rate 69.8896% is 46899409/67108864
          Time: 3382.69ms
      column selection rate 89.4%, total selection rate 79.9236%
          Result count of selection rate 79.9236% is 53633918/67108864
          Time: 3484.15ms
      column selection rate 94.8%, total selection rate 89.8704%
          Result count of selection rate 89.8704% is 60310143/67108864
          Time: 3587.29ms
      column selection rate 100%, total selection rate 100%
          Result count of selection rate 100% is 67108864/67108864
          Time: 3740.05ms
>>> start projection calculation by Vector-wise query processing model with late materialization strategy and independent fixed vector intermediate results as well as dynamic vector final result
      column selection rate 31.6%, total selection rate 9.9856%
          Result count of selection rate 9.9856% is 6699172/67108864
          Time: 1294.53ms
      column selection rate 44.7%, total selection rate 19.9809%
          Result count of selection rate 19.9809% is 13405477/67108864
          Time: 1685.26ms
      column selection rate 54.7%, total selection rate 29.9209%
          Result count of selection rate 29.9209% is 20076945/67108864
          Time: 1852.46ms
      column selection rate 63.2%, total selection rate 39.9424%
          Result count of selection rate 39.9424% is 26805480/67108864
          Time: 1886.04ms
      column selection rate 70.7%, total selection rate 49.9849%
          Result count of selection rate 49.9849% is 33543548/67108864
          Time: 1834.57ms
      column selection rate 77.4%, total selection rate 59.9076%
          Result count of selection rate 59.9076% is 40203602/67108864
          Time: 1746.38ms
      column selection rate 83.6%, total selection rate 69.8896%
          Result count of selection rate 69.8896% is 46899409/67108864
          Time: 1631.18ms
      column selection rate 89.4%, total selection rate 79.9236%
          Result count of selection rate 79.9236% is 53633918/67108864
          Time: 1511.78ms
      column selection rate 94.8%, total selection rate 89.8704%
          Result count of selection rate 89.8704% is 60310143/67108864
          Time: 1381.1ms
      column selection rate 100%, total selection rate 100%
          Result count of selection rate 100% is 67108864/67108864
          Time: 1286.46ms
>>> start projection calculation by Vector-wise query processing model with late materialization strategy and shared fixed vector intermediate results as well as dynamic vector final result
      column selection rate 31.6%, total selection rate 9.9856%
          Result count of selection rate 9.9856% is 6699172/67108864
          Time: 955.938ms
      column selection rate 44.7%, total selection rate 19.9809%
          Result count of selection rate 19.9809% is 13405477/67108864
          Time: 1485.29ms
      column selection rate 54.7%, total selection rate 29.9209%
          Result count of selection rate 29.9209% is 20076945/67108864
          Time: 1845.82ms
      column selection rate 63.2%, total selection rate 39.9424%
          Result count of selection rate 39.9424% is 26805480/67108864
          Time: 2090.58ms
      column selection rate 70.7%, total selection rate 49.9849%
          Result count of selection rate 49.9849% is 33543548/67108864
          Time: 2333.42ms
      column selection rate 77.4%, total selection rate 59.9076%
          Result count of selection rate 59.9076% is 40203602/67108864
          Time: 2554.14ms
      column selection rate 83.6%, total selection rate 69.8896%
          Result count of selection rate 69.8896% is 46899409/67108864
          Time: 2795.02ms
      column selection rate 89.4%, total selection rate 79.9236%
          Result count of selection rate 79.9236% is 53633918/67108864
          Time: 3048.13ms
      column selection rate 94.8%, total selection rate 89.8704%
          Result count of selection rate 89.8704% is 60310143/67108864
          Time: 3339.99ms
      column selection rate 100%, total selection rate 100%
          Result count of selection rate 100% is 67108864/67108864
          Time: 3567.24ms
>>> start projection calculation by Vector-wise query processing model with late materialization strategy and shared fixed vector intermediate results as well as fixed vector final result
      column selection rate 31.6%, total selection rate 9.9856%
          Result count of selection rate 9.9856% is 6699172/67108864
          Time: 668.305ms
      column selection rate 44.7%, total selection rate 19.9809%
          Result count of selection rate 19.9809% is 13405477/67108864
          Time: 975.441ms
      column selection rate 54.7%, total selection rate 29.9209%
          Result count of selection rate 29.9209% is 20076945/67108864
          Time: 1096.78ms
      column selection rate 63.2%, total selection rate 39.9424%
          Result count of selection rate 39.9424% is 26805480/67108864
          Time: 1136.08ms
      column selection rate 70.7%, total selection rate 49.9849%
          Result count of selection rate 49.9849% is 33543548/67108864
          Time: 1118.95ms
      column selection rate 77.4%, total selection rate 59.9076%
          Result count of selection rate 59.9076% is 40203602/67108864
          Time: 1113.33ms
      column selection rate 83.6%, total selection rate 69.8896%
          Result count of selection rate 69.8896% is 46899409/67108864
          Time: 1106.9ms
      column selection rate 89.4%, total selection rate 79.9236%
          Result count of selection rate 79.9236% is 53633918/67108864
          Time: 1087.36ms
      column selection rate 94.8%, total selection rate 89.8704%
          Result count of selection rate 89.8704% is 60310143/67108864
          Time: 1087.05ms
      column selection rate 100%, total selection rate 100%
          Result count of selection rate 100% is 67108864/67108864
          Time: 1075.32ms
>>> start projection calculation by Vector-wise query processing model with late materialization strategy and shared fixed vector intermediate results as well as fixed vector final result
      column selection rate 0.1 %, total selection rate 0.0001%
          Result count of selection rate 0% is 56/67108864
          Time: 166.335ms
      column selection rate 0.3 %, total selection rate 0.0009%
          Result count of selection rate 0% is 583/67108864
          Time: 206.289ms
      column selection rate 1 %, total selection rate 0.01%
          Result count of selection rate 0.0001% is 6691/67108864
          Time: 178.689ms
      column selection rate 3.1 %, total selection rate 0.0961%
          Result count of selection rate 0.0009% is 64656/67108864
          Time: 209.619ms
      column selection rate 10 %, total selection rate 1%
          Result count of selection rate 0.01% is 670292/67108864
          Time: 281.309ms
      column selection rate 31.6 %, total selection rate 9.9856%
          Result count of selection rate 0.0961% is 6699172/67108864
          Time: 712.128ms
>>> start projection calculation by Vector-wise query processing model with late materialization strategy and independent bitmap intermediate results as well as dynamic vector final result
      column selection rate 31.6%, total selection rate 9.9856%
          Result count of selection rate 9.9856% is 6699172/67108864
          Time: 1050.96ms
      column selection rate 44.7%, total selection rate 19.9809%
          Result count of selection rate 19.9809% is 13405477/67108864
          Time: 1468.37ms
      column selection rate 54.7%, total selection rate 29.9209%
          Result count of selection rate 29.9209% is 20076945/67108864
          Time: 1859.73ms
      column selection rate 63.2%, total selection rate 39.9424%
          Result count of selection rate 39.9424% is 26805480/67108864
          Time: 2187.77ms
      column selection rate 70.7%, total selection rate 49.9849%
          Result count of selection rate 49.9849% is 33543548/67108864
          Time: 2496.36ms
      column selection rate 77.4%, total selection rate 59.9076%
          Result count of selection rate 59.9076% is 40203602/67108864
          Time: 2715.81ms
      column selection rate 83.6%, total selection rate 69.8896%
          Result count of selection rate 69.8896% is 46899409/67108864
          Time: 2904.32ms
      column selection rate 89.4%, total selection rate 79.9236%
          Result count of selection rate 79.9236% is 53633918/67108864
          Time: 3135.01ms
      column selection rate 94.8%, total selection rate 89.8704%
          Result count of selection rate 89.8704% is 60310143/67108864
          Time: 3372.06ms
      column selection rate 100%, total selection rate 100%
          Result count of selection rate 100% is 67108864/67108864
          Time: 3574.14ms
>>> start projection calculation by Vector-wise query processing model with late materialization strategy and independent bitmap intermediate results as well as fixed vector final result
      column selection rate 31.6%, total selection rate 9.9856%
          Result count of selection rate 9.9856% is 6699172/67108864
          Time: 814.681ms
      column selection rate 44.7%, total selection rate 19.9809%
          Result count of selection rate 19.9809% is 13405477/67108864
          Time: 965.567ms
      column selection rate 54.7%, total selection rate 29.9209%
          Result count of selection rate 29.9209% is 20076945/67108864
          Time: 1088.83ms
      column selection rate 63.2%, total selection rate 39.9424%
          Result count of selection rate 39.9424% is 26805480/67108864
          Time: 1197.71ms
      column selection rate 70.7%, total selection rate 49.9849%
          Result count of selection rate 49.9849% is 33543548/67108864
          Time: 1284.54ms
      column selection rate 77.4%, total selection rate 59.9076%
          Result count of selection rate 59.9076% is 40203602/67108864
          Time: 1292.01ms
      column selection rate 83.6%, total selection rate 69.8896%
          Result count of selection rate 69.8896% is 46899409/67108864
          Time: 1267.9ms
      column selection rate 89.4%, total selection rate 79.9236%
          Result count of selection rate 79.9236% is 53633918/67108864
          Time: 1225.35ms
      column selection rate 94.8%, total selection rate 89.8704%
          Result count of selection rate 89.8704% is 60310143/67108864
          Time: 1185.91ms
      column selection rate 100%, total selection rate 100%
          Result count of selection rate 100% is 67108864/67108864
          Time: 1191.1ms
>>> start projection calculation by Vector-wise query processing model with late materialization strategy and independent bitmap intermediate results as well as fixed vector final result in low selection rate test
      column selection rate 0.1 %, total selection rate 0.0001%
          Result count of selection rate 0% is 56/67108864
          Time: 691.418ms
      column selection rate 0.3 %, total selection rate 0.0009%
          Result count of selection rate 0% is 583/67108864
          Time: 681.54ms
      column selection rate 1 %, total selection rate 0.01%
          Result count of selection rate 0.0001% is 6691/67108864
          Time: 708.271ms
      column selection rate 3.1 %, total selection rate 0.0961%
          Result count of selection rate 0.0009% is 64656/67108864
          Time: 673.77ms
      column selection rate 10 %, total selection rate 1%
          Result count of selection rate 0.01% is 670292/67108864
          Time: 726.379ms
      column selection rate 31.6 %, total selection rate 9.9856%
          Result count of selection rate 0.0961% is 6699172/67108864
          Time: 798.408ms
>>> start projection calculation by Vector-wise query processing model with late materialization strategy and shared dynamic vector intermediate results as well as dynamic vector final result
      column selection rate 31.6%, total selection rate 9.9856%
          Result count of selection rate 9.9856% is 6699172/67108864
          Time: 1239.81ms
      column selection rate 44.7%, total selection rate 19.9809%
          Result count of selection rate 19.9809% is 13405477/67108864
          Time: 1801.28ms
      column selection rate 54.7%, total selection rate 29.9209%
          Result count of selection rate 29.9209% is 20076945/67108864
          Time: 2186.98ms
      column selection rate 63.2%, total selection rate 39.9424%
          Result count of selection rate 39.9424% is 26805480/67108864
          Time: 2533.56ms
      column selection rate 70.7%, total selection rate 49.9849%
          Result count of selection rate 49.9849% is 33543548/67108864
          Time: 2787.12ms
      column selection rate 77.4%, total selection rate 59.9076%
          Result count of selection rate 59.9076% is 40203602/67108864
          Time: 2914ms
      column selection rate 83.6%, total selection rate 69.8896%
          Result count of selection rate 69.8896% is 46899409/67108864
          Time: 3049.57ms
      column selection rate 89.4%, total selection rate 79.9236%
          Result count of selection rate 79.9236% is 53633918/67108864
          Time: 3217.33ms
      column selection rate 94.8%, total selection rate 89.8704%
          Result count of selection rate 89.8704% is 60310143/67108864
          Time: 3319.03ms
      column selection rate 100%, total selection rate 100%
          Result count of selection rate 100% is 67108864/67108864
          Time: 3504.78ms
>>> start projection calculation by Vector-wise query processing model with late materialization strategy and shared dynamic vector intermediate results as well as fixed vector final result
      column selection rate 31.6%, total selection rate 9.9856%
          Result count of selection rate 9.9856% is 6699172/67108864
          Time: 976.817ms
      column selection rate 44.7%, total selection rate 19.9809%
          Result count of selection rate 19.9809% is 13405477/67108864
          Time: 1271.5ms
      column selection rate 54.7%, total selection rate 29.9209%
          Result count of selection rate 29.9209% is 20076945/67108864
          Time: 1434.3ms
      column selection rate 63.2%, total selection rate 39.9424%
          Result count of selection rate 39.9424% is 26805480/67108864
          Time: 1533.31ms
      column selection rate 70.7%, total selection rate 49.9849%
          Result count of selection rate 49.9849% is 33543548/67108864
          Time: 1510.88ms
      column selection rate 77.4%, total selection rate 59.9076%
          Result count of selection rate 59.9076% is 40203602/67108864
          Time: 1400.87ms
      column selection rate 83.6%, total selection rate 69.8896%
          Result count of selection rate 69.8896% is 46899409/67108864
          Time: 1293.27ms
      column selection rate 89.4%, total selection rate 79.9236%
          Result count of selection rate 79.9236% is 53633918/67108864
          Time: 1181.43ms
      column selection rate 94.8%, total selection rate 89.8704%
          Result count of selection rate 89.8704% is 60310143/67108864
          Time: 1105.81ms
      column selection rate 100%, total selection rate 100%
          Result count of selection rate 100% is 67108864/67108864
          Time: 1055.92ms
