>>> Generated data 67108864 lines used time 4.6537e-310ms.
>>> Generated constant stride test conditions 31.6%	44.7%	54.7%	63.2%	70.7%	77.4%	83.6%	89.4%	94.8%	100%	
>>> Generated low selection rate test conditions 0.1%	0.3%	1%	3.1%	10%	31.6%	
>>> start projection calculation by Row-wise query processing model in cache with dynamic vector final result
      column selection rate 31.6%, total selection rate 9.9856%
          Result count of selection rate 9.9856% is 6703285/67108864
          Time: 2546.42ms
      column selection rate 44.7%, total selection rate 19.9809%
          Result count of selection rate 19.9809% is 13412058/67108864
          Time: 3736.84ms
      column selection rate 54.7%, total selection rate 29.9209%
          Result count of selection rate 29.9209% is 20081289/67108864
          Time: 2939.61ms
      column selection rate 63.2%, total selection rate 39.9424%
          Result count of selection rate 39.9424% is 26811280/67108864
          Time: 4360.45ms
      column selection rate 70.7%, total selection rate 49.9849%
          Result count of selection rate 49.9849% is 33550460/67108864
          Time: 3375.82ms
      column selection rate 77.4%, total selection rate 59.9076%
          Result count of selection rate 59.9076% is 40209104/67108864
          Time: 4411.93ms
      column selection rate 83.6%, total selection rate 69.8896%
          Result count of selection rate 69.8896% is 46911642/67108864
          Time: 4536.03ms
      column selection rate 89.4%, total selection rate 79.9236%
          Result count of selection rate 79.9236% is 53643526/67108864
          Time: 7201.31ms
      column selection rate 94.8%, total selection rate 89.8704%
          Result count of selection rate 89.8704% is 60314871/67108864
          Time: 8009.37ms
      column selection rate 100%, total selection rate 100%
          Result count of selection rate 100% is 67108864/67108864
          Time: 8380.93ms
>>> start projection calculation by Row-wise query processing model in cache with fixed vector final result
      column selection rate 31.6%, total selection rate 9.9856%
          Result count of selection rate 9.9856% is 6703285/67108864
          Time: 960.297ms
      column selection rate 44.7%, total selection rate 19.9809%
          Result count of selection rate 19.9809% is 13412058/67108864
          Time: 1386.76ms
      column selection rate 54.7%, total selection rate 29.9209%
          Result count of selection rate 29.9209% is 20081289/67108864
          Time: 1434.74ms
      column selection rate 63.2%, total selection rate 39.9424%
          Result count of selection rate 39.9424% is 26811280/67108864
          Time: 1585.33ms
      column selection rate 70.7%, total selection rate 49.9849%
          Result count of selection rate 49.9849% is 33550460/67108864
          Time: 1502.37ms
      column selection rate 77.4%, total selection rate 59.9076%
          Result count of selection rate 59.9076% is 40209104/67108864
          Time: 1275.87ms
      column selection rate 83.6%, total selection rate 69.8896%
          Result count of selection rate 69.8896% is 46911642/67108864
          Time: 1391.25ms
      column selection rate 89.4%, total selection rate 79.9236%
          Result count of selection rate 79.9236% is 53643526/67108864
          Time: 1386.06ms
      column selection rate 94.8%, total selection rate 89.8704%
          Result count of selection rate 89.8704% is 60314871/67108864
          Time: 989.193ms
      column selection rate 100%, total selection rate 100%
          Result count of selection rate 100% is 67108864/67108864
          Time: 1228.78ms
>>> start projection calculation by Row-wise query processing model in cache with fixed vector final result in low selection rate test
      column selection rate 0.1 %, total selection rate 0.0001%
          Result count of selection rate 0% is 59/67108864
          Time: 509.329ms
      column selection rate 0.3 %, total selection rate 0.0009%
          Result count of selection rate 0% is 617/67108864
          Time: 532.978ms
      column selection rate 1 %, total selection rate 0.01%
          Result count of selection rate 0.0001% is 6624/67108864
          Time: 506.365ms
      column selection rate 3.1 %, total selection rate 0.0961%
          Result count of selection rate 0.0009% is 64545/67108864
          Time: 553.871ms
      column selection rate 10 %, total selection rate 1%
          Result count of selection rate 0.01% is 671651/67108864
          Time: 589.533ms
      column selection rate 31.6 %, total selection rate 9.9856%
          Result count of selection rate 0.0961% is 6703285/67108864
          Time: 851.769ms
>>> start projection calculation by Row-wise query processing model out of cache with dynamic vector final result
      column selection rate 31.6%, total selection rate 9.9856%
          Result count of selection rate 9.9856% is 6703285/67108864
          Time: 4990.86ms
      column selection rate 44.7%, total selection rate 19.9809%
          Result count of selection rate 19.9809% is 13412058/67108864
          Time: 1848.72ms
      column selection rate 54.7%, total selection rate 29.9209%
          Result count of selection rate 29.9209% is 20081289/67108864
          Time: 2970.49ms
      column selection rate 63.2%, total selection rate 39.9424%
          Result count of selection rate 39.9424% is 26811280/67108864
          Time: 2587.88ms
      column selection rate 70.7%, total selection rate 49.9849%
          Result count of selection rate 49.9849% is 33550460/67108864
          Time: 2833.93ms
      column selection rate 77.4%, total selection rate 59.9076%
          Result count of selection rate 59.9076% is 40209104/67108864
          Time: 3113.87ms
      column selection rate 83.6%, total selection rate 69.8896%
          Result count of selection rate 69.8896% is 46911642/67108864
          Time: 4995.69ms
      column selection rate 89.4%, total selection rate 79.9236%
          Result count of selection rate 79.9236% is 53643526/67108864
          Time: 6115.17ms
      column selection rate 94.8%, total selection rate 89.8704%
          Result count of selection rate 89.8704% is 60314871/67108864
          Time: 6186.25ms
      column selection rate 100%, total selection rate 100%
          Result count of selection rate 100% is 67108864/67108864
          Time: 6394.46ms
>>> start projection calculation by Row-wise query processing model out of cache with fixed vector final result
      column selection rate 31.6%, total selection rate 9.9856%
          Result count of selection rate 9.9856% is 6703285/67108864
          Time: 895.803ms
      column selection rate 44.7%, total selection rate 19.9809%
          Result count of selection rate 19.9809% is 13412058/67108864
          Time: 1190.04ms
      column selection rate 54.7%, total selection rate 29.9209%
          Result count of selection rate 29.9209% is 20081289/67108864
          Time: 1244.39ms
      column selection rate 63.2%, total selection rate 39.9424%
          Result count of selection rate 39.9424% is 26811280/67108864
          Time: 1229.44ms
      column selection rate 70.7%, total selection rate 49.9849%
          Result count of selection rate 49.9849% is 33550460/67108864
          Time: 1193.42ms
      column selection rate 77.4%, total selection rate 59.9076%
          Result count of selection rate 59.9076% is 40209104/67108864
          Time: 1073.21ms
      column selection rate 83.6%, total selection rate 69.8896%
          Result count of selection rate 69.8896% is 46911642/67108864
          Time: 1072.36ms
      column selection rate 89.4%, total selection rate 79.9236%
          Result count of selection rate 79.9236% is 53643526/67108864
          Time: 1160.03ms
      column selection rate 94.8%, total selection rate 89.8704%
          Result count of selection rate 89.8704% is 60314871/67108864
          Time: 1206.85ms
      column selection rate 100%, total selection rate 100%
          Result count of selection rate 100% is 67108864/67108864
          Time: 1211.17ms
>>> start projection calculation by Column-wise query processing model with early materialization strategy and dynamic vector final result
      column selection rate 31.6%, total selection rate 9.9856%
          Result count of selection rate 9.9856% is 6703285/67108864
          Time: 1410.39ms
      column selection rate 44.7%, total selection rate 19.9809%
          Result count of selection rate 19.9809% is 13412058/67108864
          Time: 989.8ms
      column selection rate 54.7%, total selection rate 29.9209%
          Result count of selection rate 29.9209% is 20081289/67108864
          Time: 1328.93ms
      column selection rate 63.2%, total selection rate 39.9424%
          Result count of selection rate 39.9424% is 26811280/67108864
          Time: 1545.37ms
      column selection rate 70.7%, total selection rate 49.9849%
          Result count of selection rate 49.9849% is 33550460/67108864
          Time: 1815.8ms
      column selection rate 77.4%, total selection rate 59.9076%
          Result count of selection rate 59.9076% is 40209104/67108864
          Time: 1881.31ms
      column selection rate 83.6%, total selection rate 69.8896%
          Result count of selection rate 69.8896% is 46911642/67108864
          Time: 3539.65ms
      column selection rate 89.4%, total selection rate 79.9236%
          Result count of selection rate 79.9236% is 53643526/67108864
          Time: 4043.38ms
      column selection rate 94.8%, total selection rate 89.8704%
          Result count of selection rate 89.8704% is 60314871/67108864
          Time: 4410.7ms
      column selection rate 100%, total selection rate 100%
          Result count of selection rate 100% is 67108864/67108864
          Time: 4145.45ms
>>> start projection calculation by Column-wise query processing model with early materialization strategy and fixed vector final result
      column selection rate 31.6%, total selection rate 9.9856%
          Result count of selection rate 9.9856% is 6703285/67108864
          Time: 1104.41ms
      column selection rate 44.7%, total selection rate 19.9809%
          Result count of selection rate 19.9809% is 13412058/67108864
          Time: 1299.85ms
      column selection rate 54.7%, total selection rate 29.9209%
          Result count of selection rate 29.9209% is 20081289/67108864
          Time: 1698.28ms
      column selection rate 63.2%, total selection rate 39.9424%
          Result count of selection rate 39.9424% is 26811280/67108864
          Time: 1771.71ms
      column selection rate 70.7%, total selection rate 49.9849%
          Result count of selection rate 49.9849% is 33550460/67108864
          Time: 1590.01ms
      column selection rate 77.4%, total selection rate 59.9076%
          Result count of selection rate 59.9076% is 40209104/67108864
          Time: 1364.44ms
      column selection rate 83.6%, total selection rate 69.8896%
          Result count of selection rate 69.8896% is 46911642/67108864
          Time: 1266.06ms
      column selection rate 89.4%, total selection rate 79.9236%
          Result count of selection rate 79.9236% is 53643526/67108864
          Time: 1180.45ms
      column selection rate 94.8%, total selection rate 89.8704%
          Result count of selection rate 89.8704% is 60314871/67108864
          Time: 1100.76ms
      column selection rate 100%, total selection rate 100%
          Result count of selection rate 100% is 67108864/67108864
          Time: 1049.95ms
>>> start projection calculation by Column-wise query processing model with late materialization strategy and independent dynamic vector intermediate results as well as dynamic vector final result
      column selection rate 31.6%, total selection rate 9.9856%
          Result count of selection rate 9.9856% is 6703285/67108864
          Time: 4112.02ms
      column selection rate 44.7%, total selection rate 19.9809%
          Result count of selection rate 19.9809% is 13412058/67108864
          Time: 5297.45ms
      column selection rate 54.7%, total selection rate 29.9209%
          Result count of selection rate 29.9209% is 20081289/67108864
          Time: 9602.34ms
      column selection rate 63.2%, total selection rate 39.9424%
          Result count of selection rate 39.9424% is 26811280/67108864
          Time: 12088.8ms
      column selection rate 70.7%, total selection rate 49.9849%
          Result count of selection rate 49.9849% is 33550460/67108864
          Time: 12491.3ms
      column selection rate 77.4%, total selection rate 59.9076%
          Result count of selection rate 59.9076% is 40209104/67108864
          Time: 13984.1ms
      column selection rate 83.6%, total selection rate 69.8896%
          Result count of selection rate 69.8896% is 46911642/67108864
          Time: 11190.9ms
      column selection rate 89.4%, total selection rate 79.9236%
          Result count of selection rate 79.9236% is 53643526/67108864
          Time: 12573.1ms
      column selection rate 94.8%, total selection rate 89.8704%
          Result count of selection rate 89.8704% is 60314871/67108864
          Time: 17356.4ms
      column selection rate 100%, total selection rate 100%
          Result count of selection rate 100% is 67108864/67108864
          Time: 14709.7ms
>>> start projection calculation by Column-wise query processing model with late materialization strategy and independent dynamic vector intermediate results as well as fixed vector final result
      column selection rate 31.6%, total selection rate 9.9856%
